[35m[1mConsolidate compiler generated dependencies of target odometer_node[0m
[ 50%] [32mBuilding CXX object CMakeFiles/odometer_node.dir/src/odometry_calculator.cpp.o[0m
[100%] [32m[1mLinking CXX executable odometer_node[0m
[100%] Built target odometer_node
-- Install configuration: ""
-- Installing: /home/qhx/ros2_ws/install/odometry_calculator/lib/odometry_calculator/odometer_node
-- Set runtime path of "/home/qhx/ros2_ws/install/odometry_calculator/lib/odometry_calculator/odometer_node" to ""
-- Up-to-date: /home/qhx/ros2_ws/install/odometry_calculator/share/ament_index/resource_index/package_run_dependencies/odometry_calculator
-- Up-to-date: /home/qhx/ros2_ws/install/odometry_calculator/share/ament_index/resource_index/parent_prefix_path/odometry_calculator
-- Up-to-date: /home/qhx/ros2_ws/install/odometry_calculator/share/odometry_calculator/environment/ament_prefix_path.sh
-- Up-to-date: /home/qhx/ros2_ws/install/odometry_calculator/share/odometry_calculator/environment/ament_prefix_path.dsv
-- Up-to-date: /home/qhx/ros2_ws/install/odometry_calculator/share/odometry_calculator/environment/path.sh
-- Up-to-date: /home/qhx/ros2_ws/install/odometry_calculator/share/odometry_calculator/environment/path.dsv
-- Up-to-date: /home/qhx/ros2_ws/install/odometry_calculator/share/odometry_calculator/local_setup.bash
-- Up-to-date: /home/qhx/ros2_ws/install/odometry_calculator/share/odometry_calculator/local_setup.sh
-- Up-to-date: /home/qhx/ros2_ws/install/odometry_calculator/share/odometry_calculator/local_setup.zsh
-- Up-to-date: /home/qhx/ros2_ws/install/odometry_calculator/share/odometry_calculator/local_setup.dsv
-- Installing: /home/qhx/ros2_ws/install/odometry_calculator/share/odometry_calculator/package.dsv
-- Up-to-date: /home/qhx/ros2_ws/install/odometry_calculator/share/ament_index/resource_index/packages/odometry_calculator
-- Up-to-date: /home/qhx/ros2_ws/install/odometry_calculator/share/odometry_calculator/cmake/odometry_calculatorConfig.cmake
-- Up-to-date: /home/qhx/ros2_ws/install/odometry_calculator/share/odometry_calculator/cmake/odometry_calculatorConfig-version.cmake
-- Up-to-date: /home/qhx/ros2_ws/install/odometry_calculator/share/odometry_calculator/package.xml
