[0.017s] Invoking command in '/home/qhx/ros2_ws/build/odometry_calculator': CMAKE_PREFIX_PATH=${CMAKE_PREFIX_PATH}:/opt/ros/humble /usr/bin/cmake --build /home/qhx/ros2_ws/build/odometry_calculator -- -j16 -l16
[0.149s] [35m[1mConsolidate compiler generated dependencies of target odometer_node[0m
[0.186s] [ 50%] [32mBuilding CXX object CMakeFiles/odometer_node.dir/src/odometry_calculator.cpp.o[0m
[8.413s] [100%] [32m[1mLinking CXX executable odometer_node[0m
[9.196s] [100%] Built target odometer_node
[9.220s] Invoked command in '/home/qhx/ros2_ws/build/odometry_calculator' returned '0': CMAKE_PREFIX_PATH=${CMAKE_PREFIX_PATH}:/opt/ros/humble /usr/bin/cmake --build /home/qhx/ros2_ws/build/odometry_calculator -- -j16 -l16
[9.237s] Invoking command in '/home/qhx/ros2_ws/build/odometry_calculator': CMAKE_PREFIX_PATH=${CMAKE_PREFIX_PATH}:/opt/ros/humble /usr/bin/cmake --install /home/qhx/ros2_ws/build/odometry_calculator
[9.251s] -- Install configuration: ""
[9.252s] -- Installing: /home/qhx/ros2_ws/install/odometry_calculator/lib/odometry_calculator/odometer_node
[9.258s] -- Set runtime path of "/home/qhx/ros2_ws/install/odometry_calculator/lib/odometry_calculator/odometer_node" to ""
[9.259s] -- Up-to-date: /home/qhx/ros2_ws/install/odometry_calculator/share/ament_index/resource_index/package_run_dependencies/odometry_calculator
[9.260s] -- Up-to-date: /home/qhx/ros2_ws/install/odometry_calculator/share/ament_index/resource_index/parent_prefix_path/odometry_calculator
[9.260s] -- Up-to-date: /home/qhx/ros2_ws/install/odometry_calculator/share/odometry_calculator/environment/ament_prefix_path.sh
[9.261s] -- Up-to-date: /home/qhx/ros2_ws/install/odometry_calculator/share/odometry_calculator/environment/ament_prefix_path.dsv
[9.261s] -- Up-to-date: /home/qhx/ros2_ws/install/odometry_calculator/share/odometry_calculator/environment/path.sh
[9.261s] -- Up-to-date: /home/qhx/ros2_ws/install/odometry_calculator/share/odometry_calculator/environment/path.dsv
[9.261s] -- Up-to-date: /home/qhx/ros2_ws/install/odometry_calculator/share/odometry_calculator/local_setup.bash
[9.261s] -- Up-to-date: /home/qhx/ros2_ws/install/odometry_calculator/share/odometry_calculator/local_setup.sh
[9.262s] -- Up-to-date: /home/qhx/ros2_ws/install/odometry_calculator/share/odometry_calculator/local_setup.zsh
[9.262s] -- Up-to-date: /home/qhx/ros2_ws/install/odometry_calculator/share/odometry_calculator/local_setup.dsv
[9.262s] -- Installing: /home/qhx/ros2_ws/install/odometry_calculator/share/odometry_calculator/package.dsv
[9.262s] -- Up-to-date: /home/qhx/ros2_ws/install/odometry_calculator/share/ament_index/resource_index/packages/odometry_calculator
[9.263s] -- Up-to-date: /home/qhx/ros2_ws/install/odometry_calculator/share/odometry_calculator/cmake/odometry_calculatorConfig.cmake
[9.263s] -- Up-to-date: /home/qhx/ros2_ws/install/odometry_calculator/share/odometry_calculator/cmake/odometry_calculatorConfig-version.cmake
[9.263s] -- Up-to-date: /home/qhx/ros2_ws/install/odometry_calculator/share/odometry_calculator/package.xml
[9.267s] Invoked command in '/home/qhx/ros2_ws/build/odometry_calculator' returned '0': CMAKE_PREFIX_PATH=${CMAKE_PREFIX_PATH}:/opt/ros/humble /usr/bin/cmake --install /home/qhx/ros2_ws/build/odometry_calculator
