[0.021s] Invoking command in '/home/qhx/ros2_ws/build/odometry_calculator': CMAKE_PREFIX_PATH=/opt/ros/humble /usr/bin/cmake --build /home/qhx/ros2_ws/build/odometry_calculator -- -j16 -l16
[0.146s] [35m[1mConsolidate compiler generated dependencies of target odometer_node[0m
[0.211s] [100%] Built target odometer_node
[0.234s] Invoked command in '/home/qhx/ros2_ws/build/odometry_calculator' returned '0': CMAKE_PREFIX_PATH=/opt/ros/humble /usr/bin/cmake --build /home/qhx/ros2_ws/build/odometry_calculator -- -j16 -l16
[0.253s] Invoking command in '/home/qhx/ros2_ws/build/odometry_calculator': CMAKE_PREFIX_PATH=/opt/ros/humble /usr/bin/cmake --install /home/qhx/ros2_ws/build/odometry_calculator
[0.265s] -- Install configuration: ""
[0.266s] -- Up-to-date: /home/qhx/ros2_ws/install/odometry_calculator/lib/odometry_calculator/odometer_node
[0.266s] -- Up-to-date: /home/qhx/ros2_ws/install/odometry_calculator/share/ament_index/resource_index/package_run_dependencies/odometry_calculator
[0.266s] -- Up-to-date: /home/qhx/ros2_ws/install/odometry_calculator/share/ament_index/resource_index/parent_prefix_path/odometry_calculator
[0.267s] -- Up-to-date: /home/qhx/ros2_ws/install/odometry_calculator/share/odometry_calculator/environment/ament_prefix_path.sh
[0.267s] -- Up-to-date: /home/qhx/ros2_ws/install/odometry_calculator/share/odometry_calculator/environment/ament_prefix_path.dsv
[0.267s] -- Up-to-date: /home/qhx/ros2_ws/install/odometry_calculator/share/odometry_calculator/environment/path.sh
[0.267s] -- Up-to-date: /home/qhx/ros2_ws/install/odometry_calculator/share/odometry_calculator/environment/path.dsv
[0.267s] -- Up-to-date: /home/qhx/ros2_ws/install/odometry_calculator/share/odometry_calculator/local_setup.bash
[0.268s] -- Up-to-date: /home/qhx/ros2_ws/install/odometry_calculator/share/odometry_calculator/local_setup.sh
[0.268s] -- Up-to-date: /home/qhx/ros2_ws/install/odometry_calculator/share/odometry_calculator/local_setup.zsh
[0.268s] -- Up-to-date: /home/qhx/ros2_ws/install/odometry_calculator/share/odometry_calculator/local_setup.dsv
[0.268s] -- Installing: /home/qhx/ros2_ws/install/odometry_calculator/share/odometry_calculator/package.dsv
[0.268s] -- Up-to-date: /home/qhx/ros2_ws/install/odometry_calculator/share/ament_index/resource_index/packages/odometry_calculator
[0.269s] -- Up-to-date: /home/qhx/ros2_ws/install/odometry_calculator/share/odometry_calculator/cmake/odometry_calculatorConfig.cmake
[0.269s] -- Up-to-date: /home/qhx/ros2_ws/install/odometry_calculator/share/odometry_calculator/cmake/odometry_calculatorConfig-version.cmake
[0.269s] -- Up-to-date: /home/qhx/ros2_ws/install/odometry_calculator/share/odometry_calculator/package.xml
[0.273s] Invoked command in '/home/qhx/ros2_ws/build/odometry_calculator' returned '0': CMAKE_PREFIX_PATH=/opt/ros/humble /usr/bin/cmake --install /home/qhx/ros2_ws/build/odometry_calculator
