[0.017s] Invoking command in '/home/qhx/ros2_ws/build/odometry_calculator': CMAKE_PREFIX_PATH=/opt/ros/humble /usr/bin/cmake /home/qhx/ros2_ws/src/odometry_calculator -DCMAKE_INSTALL_PREFIX=/home/qhx/ros2_ws/install/odometry_calculator
[0.185s] -- The C compiler identification is GNU 11.4.0
[0.335s] -- The CXX compiler identification is GNU 11.4.0
[0.353s] -- Detecting C compiler ABI info
[0.489s] -- Detecting C compiler ABI info - done
[0.508s] -- Check for working C compiler: /usr/bin/cc - skipped
[0.509s] -- Detecting C compile features
[0.510s] -- Detecting C compile features - done
[0.519s] -- Detecting CXX compiler ABI info
[0.683s] -- Detecting CXX compiler ABI info - done
[0.702s] -- Check for working CXX compiler: /usr/bin/c++ - skipped
[0.703s] -- Detecting CXX compile features
[0.704s] -- Detecting CXX compile features - done
[0.712s] -- Found ament_cmake: 1.3.11 (/opt/ros/humble/share/ament_cmake/cmake)
[0.973s] -- Found Python3: /usr/bin/python3 (found version "3.10.12") found components: Interpreter 
[1.120s] -- Found rclcpp: 16.0.12 (/opt/ros/humble/share/rclcpp/cmake)
[1.191s] -- Found rosidl_generator_c: 3.1.6 (/opt/ros/humble/share/rosidl_generator_c/cmake)
[1.199s] -- Found rosidl_adapter: 3.1.6 (/opt/ros/humble/share/rosidl_adapter/cmake)
[1.213s] -- Found rosidl_generator_cpp: 3.1.6 (/opt/ros/humble/share/rosidl_generator_cpp/cmake)
[1.233s] -- Using all available rosidl_typesupport_c: rosidl_typesupport_fastrtps_c;rosidl_typesupport_introspection_c
[1.260s] -- Using all available rosidl_typesupport_cpp: rosidl_typesupport_fastrtps_cpp;rosidl_typesupport_introspection_cpp
[1.331s] -- Found rmw_implementation_cmake: 6.1.2 (/opt/ros/humble/share/rmw_implementation_cmake/cmake)
[1.335s] -- Found rmw_fastrtps_cpp: 6.2.7 (/opt/ros/humble/share/rmw_fastrtps_cpp/cmake)
[1.542s] -- Found OpenSSL: /usr/lib/x86_64-linux-gnu/libcrypto.so (found version "3.0.2")  
[1.597s] -- Found FastRTPS: /opt/ros/humble/include  
[1.666s] -- Using RMW implementation 'rmw_fastrtps_cpp' as default
[1.679s] -- Looking for pthread.h
[1.823s] -- Looking for pthread.h - found
[1.824s] -- Performing Test CMAKE_HAVE_LIBC_PTHREAD
[1.977s] -- Performing Test CMAKE_HAVE_LIBC_PTHREAD - Success
[1.979s] -- Found Threads: TRUE  
[2.079s] -- Found nav_msgs: 4.8.0 (/opt/ros/humble/share/nav_msgs/cmake)
[2.217s] -- Configuring done
[2.231s] -- Generating done
[2.237s] -- Build files have been written to: /home/qhx/ros2_ws/build/odometry_calculator
[2.250s] Invoked command in '/home/qhx/ros2_ws/build/odometry_calculator' returned '0': CMAKE_PREFIX_PATH=/opt/ros/humble /usr/bin/cmake /home/qhx/ros2_ws/src/odometry_calculator -DCMAKE_INSTALL_PREFIX=/home/qhx/ros2_ws/install/odometry_calculator
[2.255s] Invoking command in '/home/qhx/ros2_ws/build/odometry_calculator': CMAKE_PREFIX_PATH=/opt/ros/humble /usr/bin/cmake --build /home/qhx/ros2_ws/build/odometry_calculator -- -j16 -l16
[2.355s] [ 50%] [32mBuilding CXX object CMakeFiles/odometer_node.dir/src/odometry_calculator.cpp.o[0m
[12.612s] [100%] [32m[1mLinking CXX executable odometer_node[0m
[13.298s] [100%] Built target odometer_node
[13.315s] Invoked command in '/home/qhx/ros2_ws/build/odometry_calculator' returned '0': CMAKE_PREFIX_PATH=/opt/ros/humble /usr/bin/cmake --build /home/qhx/ros2_ws/build/odometry_calculator -- -j16 -l16
[13.338s] Invoking command in '/home/qhx/ros2_ws/build/odometry_calculator': CMAKE_PREFIX_PATH=/opt/ros/humble /usr/bin/cmake --install /home/qhx/ros2_ws/build/odometry_calculator
[13.355s] -- Install configuration: ""
[13.356s] -- Installing: /home/qhx/ros2_ws/install/odometry_calculator/lib/odometry_calculator/odometer_node
[13.363s] -- Set runtime path of "/home/qhx/ros2_ws/install/odometry_calculator/lib/odometry_calculator/odometer_node" to ""
[13.364s] -- Installing: /home/qhx/ros2_ws/install/odometry_calculator/share/ament_index/resource_index/package_run_dependencies/odometry_calculator
[13.364s] -- Installing: /home/qhx/ros2_ws/install/odometry_calculator/share/ament_index/resource_index/parent_prefix_path/odometry_calculator
[13.364s] -- Up-to-date: /home/qhx/ros2_ws/install/odometry_calculator/share/odometry_calculator/environment/ament_prefix_path.sh
[13.364s] -- Installing: /home/qhx/ros2_ws/install/odometry_calculator/share/odometry_calculator/environment/ament_prefix_path.dsv
[13.364s] -- Up-to-date: /home/qhx/ros2_ws/install/odometry_calculator/share/odometry_calculator/environment/path.sh
[13.364s] -- Installing: /home/qhx/ros2_ws/install/odometry_calculator/share/odometry_calculator/environment/path.dsv
[13.364s] -- Installing: /home/qhx/ros2_ws/install/odometry_calculator/share/odometry_calculator/local_setup.bash
[13.365s] -- Installing: /home/qhx/ros2_ws/install/odometry_calculator/share/odometry_calculator/local_setup.sh
[13.365s] -- Installing: /home/qhx/ros2_ws/install/odometry_calculator/share/odometry_calculator/local_setup.zsh
[13.365s] -- Installing: /home/qhx/ros2_ws/install/odometry_calculator/share/odometry_calculator/local_setup.dsv
[13.365s] -- Installing: /home/qhx/ros2_ws/install/odometry_calculator/share/odometry_calculator/package.dsv
[13.365s] -- Installing: /home/qhx/ros2_ws/install/odometry_calculator/share/ament_index/resource_index/packages/odometry_calculator
[13.366s] -- Installing: /home/qhx/ros2_ws/install/odometry_calculator/share/odometry_calculator/cmake/odometry_calculatorConfig.cmake
[13.366s] -- Installing: /home/qhx/ros2_ws/install/odometry_calculator/share/odometry_calculator/cmake/odometry_calculatorConfig-version.cmake
[13.366s] -- Up-to-date: /home/qhx/ros2_ws/install/odometry_calculator/share/odometry_calculator/package.xml
[13.368s] Invoked command in '/home/qhx/ros2_ws/build/odometry_calculator' returned '0': CMAKE_PREFIX_PATH=/opt/ros/humble /usr/bin/cmake --install /home/qhx/ros2_ws/build/odometry_calculator
